1 + 2;
3
4 - 3;
1
5 * 6;
30
10 / 2;
5
7 + 8 * 9;
79
(7 + 8) * 9
135
15 % 5;
0
16 % 5;
1
77 + 99;
176
34 + 1233;
1267
-53 + 99;
46
9,092 + -12312;
-12220
943,456,575 + 39,087,092,348,570;
570
665 - 99;
566
 23 - 555;
-532
88888 - 7,912;
912
87,023,984,709,871,234 - 6,348,709,234;
234
89 * 54;
4806
932 * 1,900;
900
-34 * 8;
-272
25 * 700;
17500
1008 / 7;
144
23423 / 75;
312.3066666666667
90 / 3;
30
9,870,834,205,987 / 324;
3.0462962962962963
1008 % 7;
0
23423 / 75;
312.3066666666667
90 / 3;
30
9,870,834,205,987 / 324;
3.0462962962962963
23423 % 75;
23
90 % 3;
0
9,870,834,205,987 % 324;
15
56 / 0;
Infinity
0 / 0;
NaN
